<?xml version="1.0" encoding="UTF-8"?>
<testng-results skipped="0" failed="0" ignored="0" total="1" passed="1">
  <reporter-output>
  </reporter-output>
  <suite name="Default suite" duration-ms="46888" started-at="2018-09-14T06:08:14Z" finished-at="2018-09-14T06:09:01Z">
    <groups>
    </groups>
    <test name="Default test" duration-ms="46888" started-at="2018-09-14T06:08:14Z" finished-at="2018-09-14T06:09:01Z">
      <class name="grid.GridDemo">
        <test-method status="PASS" signature="sample()[pri:0, instance:grid.GridDemo@675d3402]" name="sample" duration-ms="46804" started-at="2018-09-14T06:08:14Z" finished-at="2018-09-14T06:09:01Z">
          <reporter-output>
          </reporter-output>
        </test-method> <!-- sample -->
      </class> <!-- grid.GridDemo -->
    </test> <!-- Default test -->
  </suite> <!-- Default suite -->
</testng-results>
